<?xml version="1.0" encoding="UTF-8"?>
<!-- Generated by org.testng.reporters.JUnitReportReporter -->
<testsuite hostname="LTIN617435" failures="0" tests="1" name="testCase.TC_001_DisplayNameAndPrice" time="12.404" errors="0" timestamp="2025-07-10T09:13:56 IST" skipped="0">
  <testcase classname="testCase.TC_001_DisplayNameAndPrice" name="DisplayNameAndPrice" time="12.404"/>
</testsuite> <!-- testCase.TC_001_DisplayNameAndPrice -->
