<?xml version="1.0" encoding="UTF-8"?>
<!-- Generated by org.testng.reporters.JUnitReportReporter -->
<testsuite hostname="LTIN618135" failures="0" tests="1" name="testCase.TC_001_DisplayNameAndPrice" time="6.368" errors="0" timestamp="2025-07-08T16:18:52 IST" skipped="0">
  <testcase classname="testCase.TC_001_DisplayNameAndPrice" name="method" time="6.368"/>
</testsuite> <!-- testCase.TC_001_DisplayNameAndPrice -->
