<?xml version="1.0" encoding="UTF-8"?>
<!-- Generated by org.testng.reporters.JUnitReportReporter -->
<testsuite hostname="LTIN620356" failures="0" tests="1" name="testCase.TC_002_RetriveSubMenuItems" time="5.619" errors="0" timestamp="2025-07-21T10:06:04 IST" skipped="0">
  <testcase classname="testCase.TC_002_RetriveSubMenuItems" name="RetriveSubMenuItems" time="5.619"/>
</testsuite> <!-- testCase.TC_002_RetriveSubMenuItems -->
