<?xml version="1.0" encoding="UTF-8"?>
<!-- Generated by org.testng.reporters.JUnitReportReporter -->
<<<<<<< HEAD
<testsuite hostname="LTIN618135" failures="0" tests="1" name="testCase.TC_001_DisplayNameAndPrice" time="6.368" errors="0" timestamp="2025-07-08T16:18:52 IST" skipped="0">
  <testcase classname="testCase.TC_001_DisplayNameAndPrice" name="method" time="6.368"/>
=======
<testsuite hostname="LTIN620484" failures="0" tests="1" name="testCase.TC_001_DisplayNameAndPrice" time="23.687" errors="0" timestamp="2025-07-08T02:51:02 GMT-07:00" skipped="0">
  <testcase classname="testCase.TC_001_DisplayNameAndPrice" name="method" time="23.687"/>
>>>>>>> master
</testsuite> <!-- testCase.TC_001_DisplayNameAndPrice -->
