<?xml version="1.0" encoding="UTF-8"?>
<!-- Generated by org.testng.reporters.JUnitReportReporter -->
<testsuite hostname="LTIN620239" failures="0" tests="1" name="testCase.TC_001_DisplayNameAndPrice" time="2.848" errors="0" timestamp="2025-07-04T12:04:51 IST" skipped="0">
  <testcase classname="testCase.TC_001_DisplayNameAndPrice" name="metho" time="2.848"/>
</testsuite> <!-- testCase.TC_001_DisplayNameAndPrice -->
