<?xml version="1.0" encoding="UTF-8"?>
<!-- Generated by org.testng.reporters.JUnitReportReporter -->
<<<<<<< HEAD
<testsuite hostname="LTIN619389" failures="0" tests="1" name="testCase.TC_001_DisplayNameAndPrice" time="2.847" errors="0" timestamp="2025-07-04T10:51:09 IST" skipped="0">
  <testcase classname="testCase.TC_001_DisplayNameAndPrice" name="metho" time="2.847"/>
=======
<testsuite hostname="LTIN617435" failures="0" tests="1" name="testCase.TC_001_DisplayNameAndPrice" time="37.371" errors="0" timestamp="2025-07-07T09:43:30 IST" skipped="0">
  <testcase classname="testCase.TC_001_DisplayNameAndPrice" name="method" time="37.371"/>
>>>>>>> kishore
</testsuite> <!-- testCase.TC_001_DisplayNameAndPrice -->
