<?xml version="1.0" encoding="UTF-8"?>
<!-- Generated by org.testng.reporters.JUnitReportReporter -->
<<<<<<< HEAD
<testsuite hostname="LTIN618135" failures="0" tests="1" name="testCase.TC_003_GiftCardSectionValidation" time="10.791" errors="0" timestamp="2025-07-08T15:53:52 IST" skipped="0">
  <testcase classname="testCase.TC_003_GiftCardSectionValidation" name="validation" time="10.791"/>
=======
<testsuite hostname="LTIN620484" failures="0" tests="1" name="testCase.TC_003_GiftCardSectionValidation" time="13.508" errors="0" timestamp="2025-07-08T02:51:02 GMT-07:00" skipped="0">
  <testcase classname="testCase.TC_003_GiftCardSectionValidation" name="validation" time="13.508"/>
>>>>>>> master
</testsuite> <!-- testCase.TC_003_GiftCardSectionValidation -->
