<?xml version="1.0" encoding="UTF-8"?>
<!-- Generated by org.testng.reporters.JUnitReportReporter -->
<testsuite hostname="LTIN618135" failures="0" tests="1" name="testCase.TC_003_GiftCardSectionValidation" time="10.791" errors="0" timestamp="2025-07-08T15:53:52 IST" skipped="0">
  <testcase classname="testCase.TC_003_GiftCardSectionValidation" name="validation" time="10.791"/>
</testsuite> <!-- testCase.TC_003_GiftCardSectionValidation -->
