<?xml version="1.0" encoding="UTF-8"?>
<!-- Generated by org.testng.reporters.JUnitReportReporter -->
<testsuite hostname="LTIN617435" failures="0" tests="1" name="testCase.TC_001_DisplayNameAndPrice" time="37.371" errors="0" timestamp="2025-07-07T09:43:30 IST" skipped="0">
  <testcase classname="testCase.TC_001_DisplayNameAndPrice" name="method" time="37.371"/>
</testsuite> <!-- testCase.TC_001_DisplayNameAndPrice -->
