<?xml version="1.0" encoding="UTF-8"?>
<!-- Generated by org.testng.reporters.JUnitReportReporter -->
<testsuite hostname="LTIN620484" failures="0" tests="1" name="testCase.TC_002_RetriveSubMenuItems" time="8.582" errors="0" timestamp="2025-07-08T02:51:02 GMT-07:00" skipped="0">
  <testcase classname="testCase.TC_002_RetriveSubMenuItems" name="method" time="8.582"/>
</testsuite> <!-- testCase.TC_002_RetriveSubMenuItems -->
