<?xml version="1.0" encoding="UTF-8"?>
<!-- Generated by org.testng.reporters.JUnitReportReporter -->
<testsuite hostname="LTIN620356" failures="0" tests="1" name="testCase.TC_001_DisplayNameAndPrice" time="2.963" errors="0" timestamp="2025-07-03T15:18:01 IST" skipped="0">
  <testcase classname="testCase.TC_001_DisplayNameAndPrice" name="metho" time="2.963"/>
</testsuite> <!-- testCase.TC_001_DisplayNameAndPrice -->
