<?xml version="1.0" encoding="UTF-8"?>
<!-- Generated by org.testng.reporters.JUnitReportReporter -->
<testsuite hostname="LTIN618135" failures="0" tests="1" name="testCase.TC_002_RetriveSubMenuItems" time="4.906" errors="0" timestamp="2025-07-08T15:53:15 IST" skipped="0">
  <testcase classname="testCase.TC_002_RetriveSubMenuItems" name="method" time="4.906"/>
</testsuite> <!-- testCase.TC_002_RetriveSubMenuItems -->
