<?xml version="1.0" encoding="UTF-8"?>
<!-- Generated by org.testng.reporters.JUnitReportReporter -->
<testsuite hostname="LTIN468612" failures="0" tests="1" name="testCase.TC_003_GiftCardSectionValidation" time="9.352" errors="0" timestamp="2025-07-08T18:04:18 IST" skipped="0">
  <testcase classname="testCase.TC_003_GiftCardSectionValidation" name="validation" time="9.352"/>
</testsuite> <!-- testCase.TC_003_GiftCardSectionValidation -->
