<?xml version="1.0" encoding="UTF-8"?>
<!-- Generated by org.testng.reporters.JUnitReportReporter -->
<testsuite hostname="LTIN620356" failures="0" tests="1" name="testCase.TC_002_RetriveSubMenuItems" time="5.732" errors="0" timestamp="2025-07-08T16:38:08 IST" skipped="0">
  <testcase classname="testCase.TC_002_RetriveSubMenuItems" name="method" time="5.732"/>
</testsuite> <!-- testCase.TC_002_RetriveSubMenuItems -->
