<?xml version="1.0" encoding="UTF-8"?>
<!-- Generated by org.testng.reporters.JUnitReportReporter -->
<testsuite hostname="LTIN617435" failures="0" tests="1" name="testCase.TC_003_GiftCardSectionValidation" time="16.181" errors="0" timestamp="2025-07-10T09:13:56 IST" skipped="0">
  <testcase classname="testCase.TC_003_GiftCardSectionValidation" name="GiftCardSectionValidation" time="16.181"/>
</testsuite> <!-- testCase.TC_003_GiftCardSectionValidation -->
