<?xml version="1.0" encoding="UTF-8"?>
<!-- Generated by org.testng.reporters.JUnitReportReporter -->
<testsuite hostname="LTIN620239" failures="0" tests="1" name="testCase.TC_003_GiftCardSectionValidation" time="13.257" errors="0" timestamp="2025-07-04T12:12:04 IST" skipped="0">
  <testcase classname="testCase.TC_003_GiftCardSectionValidation" name="validation" time="13.257"/>
</testsuite> <!-- testCase.TC_003_GiftCardSectionValidation -->
