<?xml version="1.0" encoding="UTF-8"?>
<!-- Generated by org.testng.reporters.JUnitReportReporter -->
<testsuite hostname="LTIN617435" failures="0" tests="1" name="testCase.TC_002_RetriveSubMenuItems" time="7.875" errors="0" timestamp="2025-07-10T09:13:56 IST" skipped="0">
  <testcase classname="testCase.TC_002_RetriveSubMenuItems" name="RetriveSubMenuItems" time="7.875"/>
</testsuite> <!-- testCase.TC_002_RetriveSubMenuItems -->
