<?xml version="1.0" encoding="UTF-8"?>
<!-- Generated by org.testng.reporters.JUnitReportReporter -->
<testsuite hostname="LTIN619389" failures="0" tests="1" name="testCase.TC_002_RetriveSubMenuItems" time="3.692" errors="0" timestamp="2025-07-04T12:22:38 IST" skipped="0">
  <testcase classname="testCase.TC_002_RetriveSubMenuItems" name="method" time="3.692"/>
</testsuite> <!-- testCase.TC_002_RetriveSubMenuItems -->
